<?xml version="1.0" encoding="UTF-8"?>
<!-- Generated by org.testng.reporters.JUnitXMLReporter -->
<testsuite ignored="0" hostname="RATHINASURYA" failures="0" tests="6" name="Test" time="0.08" errors="0" timestamp="2023-01-18T14:30:45 IST">
  <testcase classname="MavenPractice.SampleTest3" name="datatest5" time="0.011"/>
  <testcase classname="MavenPractice.SampleTest3" name="datatest6" time="0.002"/>
  <testcase classname="MavenPractice.SampleTest2" name="Datatest3" time="0.002"/>
  <testcase classname="MavenPractice.SampleTest2" name="Datatest4" time="0.002"/>
  <testcase classname="MavenPractice.SampleTest1" name="Datatest1" time="0.001"/>
  <testcase classname="MavenPractice.SampleTest1" name="modifyDatatest" time="0.001"/>
</testsuite> <!-- Test -->
