<?xml version="1.0" encoding="UTF-8"?>
<testng-results ignored="0" total="6" passed="6" failed="0" skipped="0">
  <reporter-output>
  </reporter-output>
  <suite started-at="2023-01-18T14:30:45 IST" name="Suite" finished-at="2023-01-18T14:30:45 IST" duration-ms="80">
    <groups>
      <group name="smoke">
        <method signature="SampleTest1.Datatest1()[pri:0, instance:MavenPractice.SampleTest1@209da20d]" name="Datatest1" class="MavenPractice.SampleTest1"/>
        <method signature="SampleTest1.modifyDatatest()[pri:0, instance:MavenPractice.SampleTest1@209da20d]" name="modifyDatatest" class="MavenPractice.SampleTest1"/>
        <method signature="SampleTest2.Datatest3()[pri:0, instance:MavenPractice.SampleTest2@bae7dc0]" name="Datatest3" class="MavenPractice.SampleTest2"/>
        <method signature="SampleTest2.Datatest4()[pri:0, instance:MavenPractice.SampleTest2@bae7dc0]" name="Datatest4" class="MavenPractice.SampleTest2"/>
        <method signature="SampleTest3.datatest5()[pri:0, instance:MavenPractice.SampleTest3@47987356]" name="datatest5" class="MavenPractice.SampleTest3"/>
        <method signature="SampleTest3.datatest6()[pri:0, instance:MavenPractice.SampleTest3@47987356]" name="datatest6" class="MavenPractice.SampleTest3"/>
      </group> <!-- smoke -->
    </groups>
    <test started-at="2023-01-18T14:30:45 IST" name="Test" finished-at="2023-01-18T14:30:45 IST" duration-ms="80">
      <class name="MavenPractice.SampleTest1">
        <test-method signature="Datatest1()[pri:0, instance:MavenPractice.SampleTest1@209da20d]" started-at="2023-01-18T14:30:45 IST" name="Datatest1" finished-at="2023-01-18T14:30:45 IST" duration-ms="1" status="PASS">
          <reporter-output>
          </reporter-output>
        </test-method> <!-- Datatest1 -->
        <test-method signature="modifyDatatest()[pri:0, instance:MavenPractice.SampleTest1@209da20d]" started-at="2023-01-18T14:30:45 IST" name="modifyDatatest" finished-at="2023-01-18T14:30:45 IST" duration-ms="1" status="PASS">
          <reporter-output>
          </reporter-output>
        </test-method> <!-- modifyDatatest -->
      </class> <!-- MavenPractice.SampleTest1 -->
      <class name="MavenPractice.SampleTest3">
        <test-method signature="datatest5()[pri:0, instance:MavenPractice.SampleTest3@47987356]" started-at="2023-01-18T14:30:45 IST" name="datatest5" finished-at="2023-01-18T14:30:45 IST" duration-ms="11" status="PASS">
          <reporter-output>
          </reporter-output>
        </test-method> <!-- datatest5 -->
        <test-method signature="datatest6()[pri:0, instance:MavenPractice.SampleTest3@47987356]" started-at="2023-01-18T14:30:45 IST" name="datatest6" finished-at="2023-01-18T14:30:45 IST" duration-ms="2" status="PASS">
          <reporter-output>
          </reporter-output>
        </test-method> <!-- datatest6 -->
      </class> <!-- MavenPractice.SampleTest3 -->
      <class name="MavenPractice.SampleTest2">
        <test-method signature="Datatest3()[pri:0, instance:MavenPractice.SampleTest2@bae7dc0]" started-at="2023-01-18T14:30:45 IST" name="Datatest3" finished-at="2023-01-18T14:30:45 IST" duration-ms="2" status="PASS">
          <reporter-output>
          </reporter-output>
        </test-method> <!-- Datatest3 -->
        <test-method signature="Datatest4()[pri:0, instance:MavenPractice.SampleTest2@bae7dc0]" started-at="2023-01-18T14:30:45 IST" name="Datatest4" finished-at="2023-01-18T14:30:45 IST" duration-ms="2" status="PASS">
          <reporter-output>
          </reporter-output>
        </test-method> <!-- Datatest4 -->
      </class> <!-- MavenPractice.SampleTest2 -->
    </test> <!-- Test -->
  </suite> <!-- Suite -->
</testng-results>
